---------- Date: 2014-08-14 13:02:30 ~ IP : 114.36.28.152 ----------
REQUEST URI : /admin/index.php?route=sale/order/history&amp;token=c247331b83190918b5466169642b64ee&amp;order_id=3
MOD DETAILS:
   modFile   : C:\AppServ\Apache2.2\htdocs\opencart\vqmod/xml/admin_theme_base5builder_impulsepro_1.5.5-above.xml
   id        : Admin Theme - Base 5 Builder - ImpulsePro
   version   : 1.0.4
   vqmver    : 2.0
   author    : Niyi Sodipe - Base5Builder.com

File Name    : admin/view/template/sale/order_*(0)
VQModObject::applyMod - SEARCH NOT FOUND (ABORTING MOD): <div class="heading">

----------------------------------------------------------------------


---------- Date: 2014-08-14 13:03:49 ~ IP : 114.36.28.152 ----------
REQUEST URI : /admin/index.php?route=sale/order/history&amp;token=c247331b83190918b5466169642b64ee&amp;order_id=3
MOD DETAILS:
   modFile   : C:\AppServ\Apache2.2\htdocs\opencart\vqmod/xml/admin_theme_base5builder_impulsepro_1.5.5-above.xml
   id        : Admin Theme - Base 5 Builder - ImpulsePro
   version   : 1.0.4
   vqmver    : 2.0
   author    : Niyi Sodipe - Base5Builder.com

File Name    : admin/view/template/sale/order_*(0)
VQModObject::applyMod - SEARCH NOT FOUND (ABORTING MOD): <div class="heading">

----------------------------------------------------------------------


---------- Date: 2014-08-14 13:04:09 ~ IP : 114.36.28.152 ----------
REQUEST URI : /admin/index.php?route=sale/order/history&amp;token=c247331b83190918b5466169642b64ee&amp;order_id=3
MOD DETAILS:
   modFile   : C:\AppServ\Apache2.2\htdocs\opencart\vqmod/xml/admin_theme_base5builder_impulsepro_1.5.5-above.xml
   id        : Admin Theme - Base 5 Builder - ImpulsePro
   version   : 1.0.4
   vqmver    : 2.0
   author    : Niyi Sodipe - Base5Builder.com

File Name    : admin/view/template/sale/order_*(0)
VQModObject::applyMod - SEARCH NOT FOUND (ABORTING MOD): <div class="heading">

----------------------------------------------------------------------


---------- Date: 2014-08-14 13:04:30 ~ IP : 114.36.28.152 ----------
REQUEST URI : /admin/index.php?route=sale/order/history&amp;token=c247331b83190918b5466169642b64ee&amp;order_id=3
MOD DETAILS:
   modFile   : C:\AppServ\Apache2.2\htdocs\opencart\vqmod/xml/admin_theme_base5builder_impulsepro_1.5.5-above.xml
   id        : Admin Theme - Base 5 Builder - ImpulsePro
   version   : 1.0.4
   vqmver    : 2.0
   author    : Niyi Sodipe - Base5Builder.com

File Name    : admin/view/template/sale/order_*(0)
VQModObject::applyMod - SEARCH NOT FOUND (ABORTING MOD): <div class="heading">

----------------------------------------------------------------------


