---------- Date: 2014-07-26 18:55:34 ~ IP : 111.249.93.116 ----------
REQUEST URI : /admin/index.php?route=common/home&amp;token=990156ea254ef5f2d4254862402801ec
MOD DETAILS:
   modFile   : C:\AppServ\Apache2.2\htdocs\opencart\vqmod/xml/b5b_impulsepro_translations.xml
   id        : ImpulsePro Translations
   version   : 1.0.4
   vqmver    : 2.0
   author    : Niyi Sodipe - Base5Builder.com
VQModObject::parseMods - Could not resolve path for [admin/language/czech/common/home.php] (SKIPPED)
----------------------------------------------------------------------


---------- Date: 2014-07-26 21:05:11 ~ IP : 111.249.93.116 ----------
REQUEST URI : /admin/index.php?route=sale/customer/reward&amp;token=60fd5c63c4bcdaaa979e00063ca21855&amp;customer_id=1
MOD DETAILS:
   modFile   : C:\AppServ\Apache2.2\htdocs\opencart\vqmod/xml/admin_theme_base5builder_impulsepro_1.5.5-above.xml
   id        : Admin Theme - Base 5 Builder - ImpulsePro
   version   : 1.0.4
   vqmver    : 2.0
   author    : Niyi Sodipe - Base5Builder.com

File Name    : admin/view/template/sale/customer_*(0)
VQModObject::applyMod - SEARCH NOT FOUND (ABORTING MOD): <div class="heading">

----------------------------------------------------------------------


---------- Date: 2014-07-26 21:05:12 ~ IP : 111.249.93.116 ----------
REQUEST URI : /admin/index.php?route=sale/customer/history&amp;token=60fd5c63c4bcdaaa979e00063ca21855&amp;customer_id=1
MOD DETAILS:
   modFile   : C:\AppServ\Apache2.2\htdocs\opencart\vqmod/xml/admin_theme_base5builder_impulsepro_1.5.5-above.xml
   id        : Admin Theme - Base 5 Builder - ImpulsePro
   version   : 1.0.4
   vqmver    : 2.0
   author    : Niyi Sodipe - Base5Builder.com

File Name    : admin/view/template/sale/customer_*(0)
VQModObject::applyMod - SEARCH NOT FOUND (ABORTING MOD): <div class="heading">

----------------------------------------------------------------------


---------- Date: 2014-07-26 21:05:12 ~ IP : 111.249.93.116 ----------
REQUEST URI : /admin/index.php?route=sale/customer/transaction&amp;token=60fd5c63c4bcdaaa979e00063ca21855&amp;customer_id=1
MOD DETAILS:
   modFile   : C:\AppServ\Apache2.2\htdocs\opencart\vqmod/xml/admin_theme_base5builder_impulsepro_1.5.5-above.xml
   id        : Admin Theme - Base 5 Builder - ImpulsePro
   version   : 1.0.4
   vqmver    : 2.0
   author    : Niyi Sodipe - Base5Builder.com

File Name    : admin/view/template/sale/customer_*(0)
VQModObject::applyMod - SEARCH NOT FOUND (ABORTING MOD): <div class="heading">

----------------------------------------------------------------------


---------- Date: 2014-07-26 23:55:07 ~ IP : 111.249.93.116 ----------
REQUEST URI : /admin/index.php?route=common/home&amp;token=ddd2da39a16cc4ed42eedb94c42a679a
MOD DETAILS:
   modFile   : C:\AppServ\Apache2.2\htdocs\opencart\vqmod/xml/b5b_impulsepro_translations.xml
   id        : ImpulsePro Translations
   version   : 1.0.4
   vqmver    : 2.0
   author    : Niyi Sodipe - Base5Builder.com
VQModObject::parseMods - Could not resolve path for [admin/language/czech/common/home.php] (SKIPPED)
----------------------------------------------------------------------


